<?xml version="1.0" encoding="UTF-8"?>
<coverage generated="1552263027093" clover="3.2.0">
  <project timestamp="1552263027093" name="All files">
    <metrics statements="208" coveredstatements="194" conditionals="113" coveredconditionals="105" methods="66" coveredmethods="58" elements="387" coveredelements="357" complexity="0" loc="208" ncloc="208" packages="2" files="9" classes="9"/>
    <package name="js">
      <metrics statements="204" coveredstatements="190" conditionals="113" coveredconditionals="105" methods="66" coveredmethods="58"/>
      <file name="Button.js" path="/Users/rmartin/repos/carbon/react-checkbox-tree/src/js/Button.js">
        <metrics statements="2" coveredstatements="2" conditionals="0" coveredconditionals="0" methods="1" coveredmethods="1"/>
        <line num="15" count="13" type="stmt"/>
        <line num="17" count="13" type="stmt"/>
      </file>
      <file name="CheckboxTree.js" path="/Users/rmartin/repos/carbon/react-checkbox-tree/src/js/CheckboxTree.js">
        <metrics statements="83" coveredstatements="71" conditionals="40" coveredconditionals="34" methods="23" coveredmethods="18"/>
        <line num="80" count="32" type="stmt"/>
        <line num="82" count="32" type="stmt"/>
        <line num="83" count="32" type="stmt"/>
        <line num="84" count="32" type="stmt"/>
        <line num="89" count="32" type="stmt"/>
        <line num="95" count="32" type="stmt"/>
        <line num="96" count="32" type="stmt"/>
        <line num="97" count="32" type="stmt"/>
        <line num="98" count="32" type="stmt"/>
        <line num="99" count="32" type="stmt"/>
        <line num="104" count="33" type="stmt"/>
        <line num="105" count="33" type="stmt"/>
        <line num="106" count="33" type="stmt"/>
        <line num="109" count="33" type="stmt"/>
        <line num="112" count="33" type="cond" truecount="4" falsecount="0"/>
        <line num="113" count="1" type="stmt"/>
        <line num="116" count="33" type="cond" truecount="2" falsecount="0"/>
        <line num="117" count="1" type="stmt"/>
        <line num="119" count="33" type="stmt"/>
        <line num="124" count="33" type="stmt"/>
        <line num="128" count="6" type="stmt"/>
        <line num="129" count="6" type="stmt"/>
        <line num="130" count="6" type="stmt"/>
        <line num="132" count="6" type="stmt"/>
        <line num="133" count="6" type="stmt"/>
        <line num="137" count="3" type="stmt"/>
        <line num="138" count="3" type="stmt"/>
        <line num="139" count="3" type="stmt"/>
        <line num="141" count="3" type="stmt"/>
        <line num="142" count="3" type="stmt"/>
        <line num="146" count="2" type="stmt"/>
        <line num="147" count="2" type="stmt"/>
        <line num="148" count="2" type="stmt"/>
        <line num="150" count="2" type="stmt"/>
        <line num="154" count="1" type="stmt"/>
        <line num="158" count="1" type="stmt"/>
        <line num="162" count="2" type="stmt"/>
        <line num="164" count="2" type="stmt"/>
        <line num="172" count="69" type="stmt"/>
        <line num="174" count="69" type="cond" truecount="4" falsecount="0"/>
        <line num="175" count="51" type="cond" truecount="1" falsecount="1"/>
        <line num="178" count="18" type="cond" truecount="1" falsecount="1"/>
        <line num="179" count="0" type="stmt"/>
        <line num="182" count="18" type="cond" truecount="1" falsecount="1"/>
        <line num="183" count="0" type="stmt"/>
        <line num="186" count="18" type="stmt"/>
        <line num="190" count="18" type="stmt"/>
        <line num="194" count="32" type="stmt"/>
        <line num="209" count="53" type="stmt"/>
        <line num="210" count="53" type="stmt"/>
        <line num="211" count="53" type="stmt"/>
        <line num="213" count="53" type="stmt"/>
        <line num="214" count="69" type="stmt"/>
        <line num="215" count="69" type="stmt"/>
        <line num="216" count="69" type="cond" truecount="2" falsecount="0"/>
        <line num="221" count="69" type="stmt"/>
        <line num="224" count="69" type="cond" truecount="2" falsecount="0"/>
        <line num="229" count="69" type="cond" truecount="2" falsecount="0"/>
        <line num="231" count="69" type="cond" truecount="2" falsecount="0"/>
        <line num="232" count="23" type="stmt"/>
        <line num="235" count="46" type="stmt"/>
        <line num="265" count="53" type="stmt"/>
        <line num="273" count="33" type="stmt"/>
        <line num="275" count="33" type="cond" truecount="2" falsecount="0"/>
        <line num="276" count="29" type="stmt"/>
        <line num="279" count="4" type="stmt"/>
        <line num="300" count="33" type="stmt"/>
        <line num="302" count="33" type="cond" truecount="1" falsecount="1"/>
        <line num="303" count="33" type="stmt"/>
        <line num="306" count="0" type="cond" truecount="0" falsecount="2"/>
        <line num="307" count="0" type="stmt"/>
        <line num="310" count="0" type="stmt"/>
        <line num="314" count="0" type="stmt"/>
        <line num="316" count="0" type="stmt"/>
        <line num="317" count="0" type="stmt"/>
        <line num="319" count="0" type="stmt"/>
        <line num="324" count="0" type="stmt"/>
        <line num="325" count="0" type="stmt"/>
        <line num="327" count="0" type="stmt"/>
        <line num="331" count="33" type="stmt"/>
        <line num="332" count="33" type="stmt"/>
        <line num="334" count="33" type="stmt"/>
        <line num="340" count="33" type="stmt"/>
      </file>
      <file name="NativeCheckbox.js" path="/Users/rmartin/repos/carbon/react-checkbox-tree/src/js/NativeCheckbox.js">
        <metrics statements="7" coveredstatements="6" conditionals="0" coveredconditionals="0" methods="5" coveredmethods="4"/>
        <line num="14" count="15" type="stmt"/>
        <line num="18" count="0" type="stmt"/>
        <line num="22" count="15" type="stmt"/>
        <line num="24" count="15" type="stmt"/>
        <line num="28" count="15" type="stmt"/>
        <line num="31" count="15" type="stmt"/>
        <line num="33" count="15" type="stmt"/>
      </file>
      <file name="NodeModel.js" path="/Users/rmartin/repos/carbon/react-checkbox-tree/src/js/NodeModel.js">
        <metrics statements="49" coveredstatements="49" conditionals="29" coveredconditionals="28" methods="21" coveredmethods="21"/>
        <line num="3" count="43" type="stmt"/>
        <line num="4" count="43" type="stmt"/>
        <line num="8" count="33" type="stmt"/>
        <line num="12" count="11" type="stmt"/>
        <line num="15" count="11" type="stmt"/>
        <line num="16" count="41" type="stmt"/>
        <line num="17" count="41" type="stmt"/>
        <line num="20" count="11" type="stmt"/>
        <line num="24" count="234" type="stmt"/>
        <line num="28" count="102" type="cond" truecount="4" falsecount="0"/>
        <line num="29" count="53" type="stmt"/>
        <line num="32" count="49" type="stmt"/>
        <line num="35" count="49" type="stmt"/>
        <line num="36" count="69" type="stmt"/>
        <line num="38" count="69" type="stmt"/>
        <line num="50" count="69" type="stmt"/>
        <line num="55" count="69" type="cond" truecount="2" falsecount="0"/>
        <line num="59" count="69" type="cond" truecount="2" falsecount="0"/>
        <line num="60" count="2" type="stmt"/>
        <line num="63" count="67" type="cond" truecount="4" falsecount="0"/>
        <line num="64" count="2" type="stmt"/>
        <line num="67" count="65" type="stmt"/>
        <line num="71" count="65" type="stmt"/>
        <line num="74" count="65" type="stmt"/>
        <line num="75" count="136" type="stmt"/>
        <line num="76" count="272" type="stmt"/>
        <line num="81" count="65" type="stmt"/>
        <line num="82" count="130" type="stmt"/>
        <line num="83" count="19" type="cond" truecount="2" falsecount="0"/>
        <line num="84" count="15" type="stmt"/>
        <line num="91" count="11" type="stmt"/>
        <line num="93" count="11" type="stmt"/>
        <line num="94" count="41" type="cond" truecount="2" falsecount="0"/>
        <line num="95" count="13" type="stmt"/>
        <line num="99" count="11" type="stmt"/>
        <line num="103" count="2" type="stmt"/>
        <line num="104" count="14" type="cond" truecount="2" falsecount="0"/>
        <line num="105" count="4" type="stmt"/>
        <line num="109" count="2" type="stmt"/>
        <line num="113" count="14" type="stmt"/>
        <line num="115" count="14" type="cond" truecount="4" falsecount="0"/>
        <line num="116" count="10" type="cond" truecount="2" falsecount="0"/>
        <line num="117" count="1" type="stmt"/>
        <line num="121" count="9" type="stmt"/>
        <line num="124" count="4" type="stmt"/>
        <line num="125" count="8" type="stmt"/>
        <line num="129" count="13" type="stmt"/>
        <line num="133" count="12" type="stmt"/>
        <line num="135" count="12" type="stmt"/>
      </file>
      <file name="TreeNode.js" path="/Users/rmartin/repos/carbon/react-checkbox-tree/src/js/TreeNode.js">
        <metrics statements="63" coveredstatements="62" conditionals="44" coveredconditionals="43" methods="16" coveredmethods="14"/>
        <line num="51" count="55" type="stmt"/>
        <line num="53" count="55" type="stmt"/>
        <line num="54" count="55" type="stmt"/>
        <line num="55" count="55" type="stmt"/>
        <line num="59" count="11" type="stmt"/>
        <line num="61" count="11" type="stmt"/>
        <line num="70" count="6" type="stmt"/>
        <line num="73" count="6" type="cond" truecount="3" falsecount="1"/>
        <line num="74" count="0" type="stmt"/>
        <line num="77" count="6" type="stmt"/>
        <line num="81" count="4" type="stmt"/>
        <line num="83" count="4" type="stmt"/>
        <line num="87" count="17" type="stmt"/>
        <line num="90" count="17" type="cond" truecount="4" falsecount="0"/>
        <line num="91" count="8" type="stmt"/>
        <line num="95" count="9" type="cond" truecount="4" falsecount="0"/>
        <line num="96" count="1" type="stmt"/>
        <line num="100" count="8" type="cond" truecount="2" falsecount="0"/>
        <line num="101" count="3" type="stmt"/>
        <line num="104" count="5" type="stmt"/>
        <line num="108" count="55" type="stmt"/>
        <line num="110" count="55" type="cond" truecount="2" falsecount="0"/>
        <line num="111" count="37" type="stmt"/>
        <line num="118" count="18" type="stmt"/>
        <line num="131" count="18" type="stmt"/>
        <line num="133" count="18" type="cond" truecount="2" falsecount="0"/>
        <line num="134" count="12" type="stmt"/>
        <line num="137" count="6" type="stmt"/>
        <line num="141" count="52" type="stmt"/>
        <line num="143" count="52" type="cond" truecount="2" falsecount="0"/>
        <line num="144" count="43" type="stmt"/>
        <line num="147" count="9" type="cond" truecount="2" falsecount="0"/>
        <line num="148" count="4" type="stmt"/>
        <line num="151" count="5" type="stmt"/>
        <line num="160" count="54" type="stmt"/>
        <line num="162" count="54" type="cond" truecount="2" falsecount="0"/>
        <line num="163" count="1" type="stmt"/>
        <line num="166" count="53" type="cond" truecount="2" falsecount="0"/>
        <line num="167" count="35" type="stmt"/>
        <line num="170" count="18" type="cond" truecount="2" falsecount="0"/>
        <line num="171" count="12" type="stmt"/>
        <line num="174" count="6" type="stmt"/>
        <line num="178" count="3" type="stmt"/>
        <line num="179" count="3" type="stmt"/>
        <line num="181" count="3" type="stmt"/>
        <line num="206" count="52" type="stmt"/>
        <line num="207" count="52" type="stmt"/>
        <line num="208" count="52" type="stmt"/>
        <line num="210" count="52" type="stmt"/>
        <line num="227" count="52" type="cond" truecount="2" falsecount="0"/>
        <line num="228" count="42" type="stmt"/>
        <line num="242" count="52" type="stmt"/>
        <line num="248" count="55" type="stmt"/>
        <line num="249" count="55" type="stmt"/>
        <line num="260" count="55" type="cond" truecount="2" falsecount="0"/>
        <line num="261" count="3" type="stmt"/>
        <line num="264" count="52" type="stmt"/>
        <line num="268" count="55" type="cond" truecount="2" falsecount="0"/>
        <line num="269" count="48" type="stmt"/>
        <line num="272" count="7" type="stmt"/>
        <line num="281" count="55" type="stmt"/>
        <line num="282" count="55" type="stmt"/>
        <line num="291" count="55" type="stmt"/>
      </file>
    </package>
    <package name="js.shapes">
      <metrics statements="4" coveredstatements="4" conditionals="0" coveredconditionals="0" methods="0" coveredmethods="0"/>
      <file name="iconsShape.js" path="/Users/rmartin/repos/carbon/react-checkbox-tree/src/js/shapes/iconsShape.js">
        <metrics statements="1" coveredstatements="1" conditionals="0" coveredconditionals="0" methods="0" coveredmethods="0"/>
        <line num="3" count="2" type="stmt"/>
      </file>
      <file name="languageShape.js" path="/Users/rmartin/repos/carbon/react-checkbox-tree/src/js/shapes/languageShape.js">
        <metrics statements="0" coveredstatements="0" conditionals="0" coveredconditionals="0" methods="0" coveredmethods="0"/>
      </file>
      <file name="listShape.js" path="/Users/rmartin/repos/carbon/react-checkbox-tree/src/js/shapes/listShape.js">
        <metrics statements="1" coveredstatements="1" conditionals="0" coveredconditionals="0" methods="0" coveredmethods="0"/>
        <line num="3" count="1" type="stmt"/>
      </file>
      <file name="nodeShape.js" path="/Users/rmartin/repos/carbon/react-checkbox-tree/src/js/shapes/nodeShape.js">
        <metrics statements="2" coveredstatements="2" conditionals="0" coveredconditionals="0" methods="0" coveredmethods="0"/>
        <line num="3" count="1" type="stmt"/>
        <line num="16" count="1" type="stmt"/>
      </file>
    </package>
  </project>
</coverage>
