{"/Users/rmartin/repos/carbon/react-checkbox-tree/src/js/Button.js": {"path":"/Users/rmartin/repos/carbon/react-checkbox-tree/src/js/Button.js","statementMap":{"0":{"start":{"line":15,"column":46},"end":{"line":15,"column":56}},"1":{"start":{"line":17,"column":8},"end":{"line":26,"column":10}}},"fnMap":{"0":{"name":"(anonymous_0)","decl":{"start":{"line":14,"column":4},"end":{"line":14,"column":5}},"loc":{"start":{"line":14,"column":13},"end":{"line":27,"column":5}},"line":14}},"branchMap":{},"s":{"0":13,"1":13},"f":{"0":13},"b":{},"_coverageSchema":"43e27e138ebf9cfc5966b082cf9a028302ed4184","hash":"94c9220b4d55d616acd2a974549ee5a51f93eae9"}
,"/Users/rmartin/repos/carbon/react-checkbox-tree/src/js/CheckboxTree.js": {"path":"/Users/rmartin/repos/carbon/react-checkbox-tree/src/js/CheckboxTree.js","statementMap":{"0":{"start":{"line":80,"column":8},"end":{"line":80,"column":21}},"1":{"start":{"line":82,"column":22},"end":{"line":82,"column":42}},"2":{"start":{"line":83,"column":8},"end":{"line":83,"column":40}},"3":{"start":{"line":84,"column":8},"end":{"line":87,"column":11}},"4":{"start":{"line":89,"column":8},"end":{"line":93,"column":10}},"5":{"start":{"line":95,"column":8},"end":{"line":95,"column":47}},"6":{"start":{"line":96,"column":8},"end":{"line":96,"column":49}},"7":{"start":{"line":97,"column":8},"end":{"line":97,"column":55}},"8":{"start":{"line":98,"column":8},"end":{"line":98,"column":55}},"9":{"start":{"line":99,"column":8},"end":{"line":99,"column":59}},"10":{"start":{"line":104,"column":37},"end":{"line":104,"column":46}},"11":{"start":{"line":105,"column":40},"end":{"line":105,"column":48}},"12":{"start":{"line":106,"column":23},"end":{"line":106,"column":60}},"13":{"start":{"line":109,"column":8},"end":{"line":109,"column":33}},"14":{"start":{"line":112,"column":8},"end":{"line":114,"column":9}},"15":{"start":{"line":113,"column":12},"end":{"line":113,"column":38}},"16":{"start":{"line":116,"column":8},"end":{"line":118,"column":9}},"17":{"start":{"line":117,"column":12},"end":{"line":117,"column":43}},"18":{"start":{"line":119,"column":8},"end":{"line":122,"column":11}},"19":{"start":{"line":124,"column":8},"end":{"line":124,"column":24}},"20":{"start":{"line":128,"column":39},"end":{"line":128,"column":49}},"21":{"start":{"line":129,"column":22},"end":{"line":129,"column":46}},"22":{"start":{"line":130,"column":21},"end":{"line":130,"column":50}},"23":{"start":{"line":132,"column":8},"end":{"line":132,"column":67}},"24":{"start":{"line":133,"column":8},"end":{"line":133,"column":74}},"25":{"start":{"line":137,"column":29},"end":{"line":137,"column":39}},"26":{"start":{"line":138,"column":22},"end":{"line":138,"column":46}},"27":{"start":{"line":139,"column":21},"end":{"line":139,"column":50}},"28":{"start":{"line":141,"column":8},"end":{"line":141,"column":72}},"29":{"start":{"line":142,"column":8},"end":{"line":142,"column":76}},"30":{"start":{"line":146,"column":28},"end":{"line":146,"column":38}},"31":{"start":{"line":147,"column":26},"end":{"line":147,"column":36}},"32":{"start":{"line":148,"column":21},"end":{"line":148,"column":50}},"33":{"start":{"line":150,"column":8},"end":{"line":150,"column":42}},"34":{"start":{"line":154,"column":8},"end":{"line":154,"column":30}},"35":{"start":{"line":158,"column":8},"end":{"line":158,"column":35}},"36":{"start":{"line":162,"column":29},"end":{"line":162,"column":39}},"37":{"start":{"line":164,"column":8},"end":{"line":168,"column":10}},"38":{"start":{"line":172,"column":25},"end":{"line":172,"column":61}},"39":{"start":{"line":174,"column":8},"end":{"line":176,"column":9}},"40":{"start":{"line":175,"column":12},"end":{"line":175,"column":44}},"41":{"start":{"line":178,"column":8},"end":{"line":180,"column":9}},"42":{"start":{"line":179,"column":12},"end":{"line":179,"column":21}},"43":{"start":{"line":182,"column":8},"end":{"line":184,"column":9}},"44":{"start":{"line":183,"column":12},"end":{"line":183,"column":21}},"45":{"start":{"line":186,"column":8},"end":{"line":186,"column":17}},"46":{"start":{"line":190,"column":8},"end":{"line":190,"column":100}},"47":{"start":{"line":190,"column":44},"end":{"line":190,"column":98}},"48":{"start":{"line":194,"column":8},"end":{"line":194,"column":97}},"49":{"start":{"line":194,"column":43},"end":{"line":194,"column":95}},"50":{"start":{"line":209,"column":12},"end":{"line":209,"column":22}},"51":{"start":{"line":210,"column":30},"end":{"line":210,"column":40}},"52":{"start":{"line":211,"column":40},"end":{"line":211,"column":65}},"53":{"start":{"line":213,"column":26},"end":{"line":263,"column":10}},"54":{"start":{"line":214,"column":24},"end":{"line":214,"column":34}},"55":{"start":{"line":215,"column":29},"end":{"line":215,"column":54}},"56":{"start":{"line":216,"column":29},"end":{"line":216,"column":97}},"57":{"start":{"line":221,"column":12},"end":{"line":221,"column":83}},"58":{"start":{"line":224,"column":33},"end":{"line":224,"column":93}},"59":{"start":{"line":229,"column":35},"end":{"line":229,"column":93}},"60":{"start":{"line":231,"column":12},"end":{"line":233,"column":13}},"61":{"start":{"line":232,"column":16},"end":{"line":232,"column":28}},"62":{"start":{"line":235,"column":12},"end":{"line":262,"column":14}},"63":{"start":{"line":265,"column":8},"end":{"line":269,"column":10}},"64":{"start":{"line":273,"column":75},"end":{"line":273,"column":85}},"65":{"start":{"line":275,"column":8},"end":{"line":277,"column":9}},"66":{"start":{"line":276,"column":12},"end":{"line":276,"column":24}},"67":{"start":{"line":279,"column":8},"end":{"line":296,"column":10}},"68":{"start":{"line":300,"column":38},"end":{"line":300,"column":48}},"69":{"start":{"line":302,"column":8},"end":{"line":304,"column":9}},"70":{"start":{"line":303,"column":12},"end":{"line":303,"column":24}},"71":{"start":{"line":306,"column":8},"end":{"line":308,"column":9}},"72":{"start":{"line":307,"column":12},"end":{"line":307,"column":49}},"73":{"start":{"line":310,"column":8},"end":{"line":310,"column":46}},"74":{"start":{"line":314,"column":45},"end":{"line":314,"column":55}},"75":{"start":{"line":316,"column":8},"end":{"line":320,"column":11}},"76":{"start":{"line":317,"column":25},"end":{"line":317,"column":41}},"77":{"start":{"line":319,"column":12},"end":{"line":319,"column":81}},"78":{"start":{"line":324,"column":34},"end":{"line":324,"column":44}},"79":{"start":{"line":325,"column":27},"end":{"line":325,"column":44}},"80":{"start":{"line":327,"column":8},"end":{"line":327,"column":70}},"81":{"start":{"line":331,"column":54},"end":{"line":331,"column":64}},"82":{"start":{"line":332,"column":26},"end":{"line":332,"column":53}},"83":{"start":{"line":334,"column":26},"end":{"line":338,"column":10}},"84":{"start":{"line":340,"column":8},"end":{"line":346,"column":10}}},"fnMap":{"0":{"name":"(anonymous_0)","decl":{"start":{"line":74,"column":17},"end":{"line":74,"column":18}},"loc":{"start":{"line":74,"column":23},"end":{"line":74,"column":25}},"line":74},"1":{"name":"(anonymous_1)","decl":{"start":{"line":76,"column":18},"end":{"line":76,"column":19}},"loc":{"start":{"line":76,"column":24},"end":{"line":76,"column":26}},"line":76},"2":{"name":"(anonymous_2)","decl":{"start":{"line":79,"column":4},"end":{"line":79,"column":5}},"loc":{"start":{"line":79,"column":23},"end":{"line":100,"column":5}},"line":79},"3":{"name":"(anonymous_3)","decl":{"start":{"line":103,"column":4},"end":{"line":103,"column":5}},"loc":{"start":{"line":103,"column":57},"end":{"line":125,"column":5}},"line":103},"4":{"name":"(anonymous_4)","decl":{"start":{"line":127,"column":4},"end":{"line":127,"column":5}},"loc":{"start":{"line":127,"column":22},"end":{"line":134,"column":5}},"line":127},"5":{"name":"(anonymous_5)","decl":{"start":{"line":136,"column":4},"end":{"line":136,"column":5}},"loc":{"start":{"line":136,"column":23},"end":{"line":143,"column":5}},"line":136},"6":{"name":"(anonymous_6)","decl":{"start":{"line":145,"column":4},"end":{"line":145,"column":5}},"loc":{"start":{"line":145,"column":26},"end":{"line":151,"column":5}},"line":145},"7":{"name":"(anonymous_7)","decl":{"start":{"line":153,"column":4},"end":{"line":153,"column":5}},"loc":{"start":{"line":153,"column":18},"end":{"line":155,"column":5}},"line":153},"8":{"name":"(anonymous_8)","decl":{"start":{"line":157,"column":4},"end":{"line":157,"column":5}},"loc":{"start":{"line":157,"column":20},"end":{"line":159,"column":5}},"line":157},"9":{"name":"(anonymous_9)","decl":{"start":{"line":161,"column":4},"end":{"line":161,"column":5}},"loc":{"start":{"line":161,"column":34},"end":{"line":169,"column":5}},"line":161},"10":{"name":"(anonymous_10)","decl":{"start":{"line":171,"column":4},"end":{"line":171,"column":5}},"loc":{"start":{"line":171,"column":48},"end":{"line":187,"column":5}},"line":171},"11":{"name":"(anonymous_11)","decl":{"start":{"line":189,"column":4},"end":{"line":189,"column":5}},"loc":{"start":{"line":189,"column":30},"end":{"line":191,"column":5}},"line":189},"12":{"name":"(anonymous_12)","decl":{"start":{"line":190,"column":35},"end":{"line":190,"column":36}},"loc":{"start":{"line":190,"column":44},"end":{"line":190,"column":98}},"line":190},"13":{"name":"(anonymous_13)","decl":{"start":{"line":193,"column":4},"end":{"line":193,"column":5}},"loc":{"start":{"line":193,"column":29},"end":{"line":195,"column":5}},"line":193},"14":{"name":"(anonymous_14)","decl":{"start":{"line":194,"column":34},"end":{"line":194,"column":35}},"loc":{"start":{"line":194,"column":43},"end":{"line":194,"column":95}},"line":194},"15":{"name":"(anonymous_15)","decl":{"start":{"line":197,"column":4},"end":{"line":197,"column":5}},"loc":{"start":{"line":197,"column":40},"end":{"line":270,"column":5}},"line":197},"16":{"name":"(anonymous_16)","decl":{"start":{"line":213,"column":36},"end":{"line":213,"column":37}},"loc":{"start":{"line":213,"column":46},"end":{"line":263,"column":9}},"line":213},"17":{"name":"(anonymous_17)","decl":{"start":{"line":272,"column":4},"end":{"line":272,"column":5}},"loc":{"start":{"line":272,"column":22},"end":{"line":297,"column":5}},"line":272},"18":{"name":"(anonymous_18)","decl":{"start":{"line":299,"column":4},"end":{"line":299,"column":5}},"loc":{"start":{"line":299,"column":24},"end":{"line":311,"column":5}},"line":299},"19":{"name":"(anonymous_19)","decl":{"start":{"line":313,"column":4},"end":{"line":313,"column":5}},"loc":{"start":{"line":313,"column":29},"end":{"line":321,"column":5}},"line":313},"20":{"name":"(anonymous_20)","decl":{"start":{"line":316,"column":27},"end":{"line":316,"column":28}},"loc":{"start":{"line":316,"column":38},"end":{"line":320,"column":9}},"line":316},"21":{"name":"(anonymous_21)","decl":{"start":{"line":323,"column":4},"end":{"line":323,"column":5}},"loc":{"start":{"line":323,"column":30},"end":{"line":328,"column":5}},"line":323},"22":{"name":"(anonymous_22)","decl":{"start":{"line":330,"column":4},"end":{"line":330,"column":5}},"loc":{"start":{"line":330,"column":13},"end":{"line":347,"column":5}},"line":330}},"branchMap":{"0":{"loc":{"start":{"line":90,"column":16},"end":{"line":90,"column":46}},"type":"binary-expr","locations":[{"start":{"line":90,"column":16},"end":{"line":90,"column":24}},{"start":{"line":90,"column":28},"end":{"line":90,"column":46}}],"line":90},"1":{"loc":{"start":{"line":112,"column":8},"end":{"line":114,"column":9}},"type":"if","locations":[{"start":{"line":112,"column":8},"end":{"line":114,"column":9}},{"start":{"line":112,"column":8},"end":{"line":114,"column":9}}],"line":112},"2":{"loc":{"start":{"line":112,"column":12},"end":{"line":112,"column":79}},"type":"binary-expr","locations":[{"start":{"line":112,"column":12},"end":{"line":112,"column":44}},{"start":{"line":112,"column":48},"end":{"line":112,"column":79}}],"line":112},"3":{"loc":{"start":{"line":116,"column":8},"end":{"line":118,"column":9}},"type":"if","locations":[{"start":{"line":116,"column":8},"end":{"line":118,"column":9}},{"start":{"line":116,"column":8},"end":{"line":118,"column":9}}],"line":116},"4":{"loc":{"start":{"line":161,"column":19},"end":{"line":161,"column":32}},"type":"default-arg","locations":[{"start":{"line":161,"column":28},"end":{"line":161,"column":32}}],"line":161},"5":{"loc":{"start":{"line":174,"column":8},"end":{"line":176,"column":9}},"type":"if","locations":[{"start":{"line":174,"column":8},"end":{"line":176,"column":9}},{"start":{"line":174,"column":8},"end":{"line":176,"column":9}}],"line":174},"6":{"loc":{"start":{"line":174,"column":12},"end":{"line":174,"column":40}},"type":"binary-expr","locations":[{"start":{"line":174,"column":12},"end":{"line":174,"column":27}},{"start":{"line":174,"column":31},"end":{"line":174,"column":40}}],"line":174},"7":{"loc":{"start":{"line":175,"column":19},"end":{"line":175,"column":43}},"type":"cond-expr","locations":[{"start":{"line":175,"column":38},"end":{"line":175,"column":39}},{"start":{"line":175,"column":42},"end":{"line":175,"column":43}}],"line":175},"8":{"loc":{"start":{"line":178,"column":8},"end":{"line":180,"column":9}},"type":"if","locations":[{"start":{"line":178,"column":8},"end":{"line":180,"column":9}},{"start":{"line":178,"column":8},"end":{"line":180,"column":9}}],"line":178},"9":{"loc":{"start":{"line":182,"column":8},"end":{"line":184,"column":9}},"type":"if","locations":[{"start":{"line":182,"column":8},"end":{"line":184,"column":9}},{"start":{"line":182,"column":8},"end":{"line":184,"column":9}}],"line":182},"10":{"loc":{"start":{"line":197,"column":27},"end":{"line":197,"column":38}},"type":"default-arg","locations":[{"start":{"line":197,"column":36},"end":{"line":197,"column":38}}],"line":197},"11":{"loc":{"start":{"line":216,"column":29},"end":{"line":216,"column":97}},"type":"cond-expr","locations":[{"start":{"line":216,"column":49},"end":{"line":216,"column":90}},{"start":{"line":216,"column":93},"end":{"line":216,"column":97}}],"line":216},"12":{"loc":{"start":{"line":224,"column":33},"end":{"line":224,"column":93}},"type":"cond-expr","locations":[{"start":{"line":224,"column":54},"end":{"line":224,"column":69}},{"start":{"line":224,"column":72},"end":{"line":224,"column":93}}],"line":224},"13":{"loc":{"start":{"line":229,"column":35},"end":{"line":229,"column":93}},"type":"cond-expr","locations":[{"start":{"line":229,"column":50},"end":{"line":229,"column":86}},{"start":{"line":229,"column":89},"end":{"line":229,"column":93}}],"line":229},"14":{"loc":{"start":{"line":231,"column":12},"end":{"line":233,"column":13}},"type":"if","locations":[{"start":{"line":231,"column":12},"end":{"line":233,"column":13}},{"start":{"line":231,"column":12},"end":{"line":233,"column":13}}],"line":231},"15":{"loc":{"start":{"line":253,"column":27},"end":{"line":253,"column":80}},"type":"cond-expr","locations":[{"start":{"line":253,"column":43},"end":{"line":253,"column":67}},{"start":{"line":253,"column":70},"end":{"line":253,"column":80}}],"line":253},"16":{"loc":{"start":{"line":253,"column":43},"end":{"line":253,"column":67}},"type":"binary-expr","locations":[{"start":{"line":253,"column":43},"end":{"line":253,"column":53}},{"start":{"line":253,"column":57},"end":{"line":253,"column":67}}],"line":253},"17":{"loc":{"start":{"line":257,"column":29},"end":{"line":257,"column":56}},"type":"binary-expr","locations":[{"start":{"line":257,"column":29},"end":{"line":257,"column":36}},{"start":{"line":257,"column":40},"end":{"line":257,"column":56}}],"line":257},"18":{"loc":{"start":{"line":275,"column":8},"end":{"line":277,"column":9}},"type":"if","locations":[{"start":{"line":275,"column":8},"end":{"line":277,"column":9}},{"start":{"line":275,"column":8},"end":{"line":277,"column":9}}],"line":275},"19":{"loc":{"start":{"line":302,"column":8},"end":{"line":304,"column":9}},"type":"if","locations":[{"start":{"line":302,"column":8},"end":{"line":304,"column":9}},{"start":{"line":302,"column":8},"end":{"line":304,"column":9}}],"line":302},"20":{"loc":{"start":{"line":306,"column":8},"end":{"line":308,"column":9}},"type":"if","locations":[{"start":{"line":306,"column":8},"end":{"line":308,"column":9}},{"start":{"line":306,"column":8},"end":{"line":308,"column":9}}],"line":306}},"s":{"0":32,"1":32,"2":32,"3":32,"4":32,"5":32,"6":32,"7":32,"8":32,"9":32,"10":33,"11":33,"12":33,"13":33,"14":33,"15":1,"16":33,"17":1,"18":33,"19":33,"20":6,"21":6,"22":6,"23":6,"24":6,"25":3,"26":3,"27":3,"28":3,"29":3,"30":2,"31":2,"32":2,"33":2,"34":1,"35":1,"36":2,"37":2,"38":69,"39":69,"40":51,"41":18,"42":0,"43":18,"44":0,"45":18,"46":18,"47":18,"48":18,"49":32,"50":53,"51":53,"52":53,"53":53,"54":69,"55":69,"56":69,"57":69,"58":69,"59":69,"60":69,"61":23,"62":46,"63":53,"64":33,"65":33,"66":29,"67":4,"68":33,"69":33,"70":33,"71":0,"72":0,"73":0,"74":0,"75":0,"76":0,"77":0,"78":0,"79":0,"80":0,"81":33,"82":33,"83":33,"84":33},"f":{"0":0,"1":0,"2":32,"3":33,"4":6,"5":3,"6":2,"7":1,"8":1,"9":2,"10":69,"11":18,"12":18,"13":18,"14":32,"15":53,"16":69,"17":33,"18":33,"19":0,"20":0,"21":0,"22":33},"b":{"0":[32,31],"1":[1,32],"2":[33,33],"3":[1,32],"4":[1],"5":[51,18],"6":[69,20],"7":[0,51],"8":[0,18],"9":[0,18],"10":[33],"11":[20,49],"12":[3,66],"13":[35,34],"14":[23,46],"15":[2,44],"16":[2,1],"17":[46,4],"18":[29,4],"19":[33,0],"20":[0,0]},"_coverageSchema":"43e27e138ebf9cfc5966b082cf9a028302ed4184","hash":"c3f5eb33e54ff42e9095475331e94744e56a205f"}
,"/Users/rmartin/repos/carbon/react-checkbox-tree/src/js/NativeCheckbox.js": {"path":"/Users/rmartin/repos/carbon/react-checkbox-tree/src/js/NativeCheckbox.js","statementMap":{"0":{"start":{"line":14,"column":8},"end":{"line":14,"column":41}},"1":{"start":{"line":18,"column":8},"end":{"line":18,"column":41}},"2":{"start":{"line":22,"column":34},"end":{"line":22,"column":44}},"3":{"start":{"line":24,"column":8},"end":{"line":24,"column":52}},"4":{"start":{"line":28,"column":22},"end":{"line":28,"column":39}},"5":{"start":{"line":31,"column":8},"end":{"line":31,"column":35}},"6":{"start":{"line":33,"column":8},"end":{"line":33,"column":88}},"7":{"start":{"line":33,"column":47},"end":{"line":33,"column":65}}},"fnMap":{"0":{"name":"(anonymous_0)","decl":{"start":{"line":13,"column":4},"end":{"line":13,"column":5}},"loc":{"start":{"line":13,"column":24},"end":{"line":15,"column":5}},"line":13},"1":{"name":"(anonymous_1)","decl":{"start":{"line":17,"column":4},"end":{"line":17,"column":5}},"loc":{"start":{"line":17,"column":25},"end":{"line":19,"column":5}},"line":17},"2":{"name":"(anonymous_2)","decl":{"start":{"line":21,"column":4},"end":{"line":21,"column":5}},"loc":{"start":{"line":21,"column":32},"end":{"line":25,"column":5}},"line":21},"3":{"name":"(anonymous_3)","decl":{"start":{"line":27,"column":4},"end":{"line":27,"column":5}},"loc":{"start":{"line":27,"column":13},"end":{"line":34,"column":5}},"line":27},"4":{"name":"(anonymous_4)","decl":{"start":{"line":33,"column":38},"end":{"line":33,"column":39}},"loc":{"start":{"line":33,"column":45},"end":{"line":33,"column":67}},"line":33}},"branchMap":{},"s":{"0":15,"1":0,"2":15,"3":15,"4":15,"5":15,"6":15,"7":15},"f":{"0":15,"1":0,"2":15,"3":15,"4":15},"b":{},"_coverageSchema":"43e27e138ebf9cfc5966b082cf9a028302ed4184","hash":"3dcb5fb96de4cf0c1817a22b980fda5aa8cf4d79"}
,"/Users/rmartin/repos/carbon/react-checkbox-tree/src/js/NodeModel.js": {"path":"/Users/rmartin/repos/carbon/react-checkbox-tree/src/js/NodeModel.js","statementMap":{"0":{"start":{"line":3,"column":8},"end":{"line":3,"column":27}},"1":{"start":{"line":4,"column":8},"end":{"line":4,"column":31}},"2":{"start":{"line":8,"column":8},"end":{"line":8,"column":27}},"3":{"start":{"line":12,"column":28},"end":{"line":12,"column":30}},"4":{"start":{"line":15,"column":8},"end":{"line":18,"column":11}},"5":{"start":{"line":16,"column":25},"end":{"line":16,"column":46}},"6":{"start":{"line":17,"column":12},"end":{"line":17,"column":45}},"7":{"start":{"line":20,"column":8},"end":{"line":20,"column":54}},"8":{"start":{"line":24,"column":8},"end":{"line":24,"column":37}},"9":{"start":{"line":28,"column":8},"end":{"line":30,"column":9}},"10":{"start":{"line":29,"column":12},"end":{"line":29,"column":19}},"11":{"start":{"line":32,"column":40},"end":{"line":32,"column":50}},"12":{"start":{"line":35,"column":8},"end":{"line":51,"column":11}},"13":{"start":{"line":36,"column":29},"end":{"line":36,"column":55}},"14":{"start":{"line":38,"column":12},"end":{"line":49,"column":14}},"15":{"start":{"line":50,"column":12},"end":{"line":50,"column":62}},"16":{"start":{"line":55,"column":8},"end":{"line":55,"column":72}},"17":{"start":{"line":59,"column":8},"end":{"line":61,"column":9}},"18":{"start":{"line":60,"column":12},"end":{"line":60,"column":24}},"19":{"start":{"line":63,"column":8},"end":{"line":65,"column":9}},"20":{"start":{"line":64,"column":12},"end":{"line":64,"column":24}},"21":{"start":{"line":67,"column":8},"end":{"line":67,"column":38}},"22":{"start":{"line":71,"column":25},"end":{"line":71,"column":48}},"23":{"start":{"line":74,"column":8},"end":{"line":78,"column":11}},"24":{"start":{"line":75,"column":12},"end":{"line":77,"column":15}},"25":{"start":{"line":76,"column":16},"end":{"line":76,"column":55}},"26":{"start":{"line":81,"column":8},"end":{"line":87,"column":11}},"27":{"start":{"line":82,"column":12},"end":{"line":86,"column":15}},"28":{"start":{"line":83,"column":16},"end":{"line":85,"column":17}},"29":{"start":{"line":84,"column":20},"end":{"line":84,"column":58}},"30":{"start":{"line":91,"column":21},"end":{"line":91,"column":23}},"31":{"start":{"line":93,"column":8},"end":{"line":97,"column":11}},"32":{"start":{"line":94,"column":12},"end":{"line":96,"column":13}},"33":{"start":{"line":95,"column":16},"end":{"line":95,"column":33}},"34":{"start":{"line":99,"column":8},"end":{"line":99,"column":20}},"35":{"start":{"line":103,"column":8},"end":{"line":107,"column":11}},"36":{"start":{"line":104,"column":12},"end":{"line":106,"column":13}},"37":{"start":{"line":105,"column":16},"end":{"line":105,"column":56}},"38":{"start":{"line":109,"column":8},"end":{"line":109,"column":20}},"39":{"start":{"line":113,"column":25},"end":{"line":113,"column":51}},"40":{"start":{"line":115,"column":8},"end":{"line":127,"column":9}},"41":{"start":{"line":116,"column":12},"end":{"line":118,"column":13}},"42":{"start":{"line":117,"column":16},"end":{"line":117,"column":28}},"43":{"start":{"line":121,"column":12},"end":{"line":121,"column":62}},"44":{"start":{"line":124,"column":12},"end":{"line":126,"column":15}},"45":{"start":{"line":125,"column":16},"end":{"line":125,"column":64}},"46":{"start":{"line":129,"column":8},"end":{"line":129,"column":20}},"47":{"start":{"line":133,"column":8},"end":{"line":133,"column":53}},"48":{"start":{"line":135,"column":8},"end":{"line":135,"column":20}}},"fnMap":{"0":{"name":"(anonymous_0)","decl":{"start":{"line":2,"column":4},"end":{"line":2,"column":5}},"loc":{"start":{"line":2,"column":35},"end":{"line":5,"column":5}},"line":2},"1":{"name":"(anonymous_1)","decl":{"start":{"line":7,"column":4},"end":{"line":7,"column":5}},"loc":{"start":{"line":7,"column":20},"end":{"line":9,"column":5}},"line":7},"2":{"name":"(anonymous_2)","decl":{"start":{"line":11,"column":4},"end":{"line":11,"column":5}},"loc":{"start":{"line":11,"column":12},"end":{"line":21,"column":5}},"line":11},"3":{"name":"(anonymous_3)","decl":{"start":{"line":15,"column":44},"end":{"line":15,"column":45}},"loc":{"start":{"line":15,"column":55},"end":{"line":18,"column":9}},"line":15},"4":{"name":"(anonymous_4)","decl":{"start":{"line":23,"column":4},"end":{"line":23,"column":5}},"loc":{"start":{"line":23,"column":19},"end":{"line":25,"column":5}},"line":23},"5":{"name":"(anonymous_5)","decl":{"start":{"line":27,"column":4},"end":{"line":27,"column":5}},"loc":{"start":{"line":27,"column":48},"end":{"line":52,"column":5}},"line":27},"6":{"name":"(anonymous_6)","decl":{"start":{"line":35,"column":22},"end":{"line":35,"column":23}},"loc":{"start":{"line":35,"column":39},"end":{"line":51,"column":9}},"line":35},"7":{"name":"(anonymous_7)","decl":{"start":{"line":54,"column":4},"end":{"line":54,"column":5}},"loc":{"start":{"line":54,"column":26},"end":{"line":56,"column":5}},"line":54},"8":{"name":"(anonymous_8)","decl":{"start":{"line":58,"column":4},"end":{"line":58,"column":5}},"loc":{"start":{"line":58,"column":60},"end":{"line":68,"column":5}},"line":58},"9":{"name":"(anonymous_9)","decl":{"start":{"line":70,"column":4},"end":{"line":70,"column":5}},"loc":{"start":{"line":70,"column":28},"end":{"line":88,"column":5}},"line":70},"10":{"name":"(anonymous_10)","decl":{"start":{"line":74,"column":44},"end":{"line":74,"column":45}},"loc":{"start":{"line":74,"column":55},"end":{"line":78,"column":9}},"line":74},"11":{"name":"(anonymous_11)","decl":{"start":{"line":75,"column":29},"end":{"line":75,"column":30}},"loc":{"start":{"line":75,"column":42},"end":{"line":77,"column":13}},"line":75},"12":{"name":"(anonymous_12)","decl":{"start":{"line":81,"column":25},"end":{"line":81,"column":26}},"loc":{"start":{"line":81,"column":38},"end":{"line":87,"column":9}},"line":81},"13":{"name":"(anonymous_13)","decl":{"start":{"line":82,"column":35},"end":{"line":82,"column":36}},"loc":{"start":{"line":82,"column":46},"end":{"line":86,"column":13}},"line":82},"14":{"name":"(anonymous_14)","decl":{"start":{"line":90,"column":4},"end":{"line":90,"column":5}},"loc":{"start":{"line":90,"column":23},"end":{"line":100,"column":5}},"line":90},"15":{"name":"(anonymous_15)","decl":{"start":{"line":93,"column":44},"end":{"line":93,"column":45}},"loc":{"start":{"line":93,"column":55},"end":{"line":97,"column":9}},"line":93},"16":{"name":"(anonymous_16)","decl":{"start":{"line":102,"column":4},"end":{"line":102,"column":5}},"loc":{"start":{"line":102,"column":27},"end":{"line":110,"column":5}},"line":102},"17":{"name":"(anonymous_17)","decl":{"start":{"line":103,"column":44},"end":{"line":103,"column":45}},"loc":{"start":{"line":103,"column":55},"end":{"line":107,"column":9}},"line":103},"18":{"name":"(anonymous_18)","decl":{"start":{"line":112,"column":4},"end":{"line":112,"column":5}},"loc":{"start":{"line":112,"column":46},"end":{"line":130,"column":5}},"line":112},"19":{"name":"(anonymous_19)","decl":{"start":{"line":124,"column":38},"end":{"line":124,"column":39}},"loc":{"start":{"line":124,"column":49},"end":{"line":126,"column":13}},"line":124},"20":{"name":"(anonymous_20)","decl":{"start":{"line":132,"column":4},"end":{"line":132,"column":5}},"loc":{"start":{"line":132,"column":44},"end":{"line":136,"column":5}},"line":132}},"branchMap":{"0":{"loc":{"start":{"line":2,"column":23},"end":{"line":2,"column":33}},"type":"default-arg","locations":[{"start":{"line":2,"column":31},"end":{"line":2,"column":33}}],"line":2},"1":{"loc":{"start":{"line":27,"column":24},"end":{"line":27,"column":35}},"type":"default-arg","locations":[{"start":{"line":27,"column":33},"end":{"line":27,"column":35}}],"line":27},"2":{"loc":{"start":{"line":27,"column":37},"end":{"line":27,"column":46}},"type":"default-arg","locations":[{"start":{"line":27,"column":45},"end":{"line":27,"column":46}}],"line":27},"3":{"loc":{"start":{"line":28,"column":8},"end":{"line":30,"column":9}},"type":"if","locations":[{"start":{"line":28,"column":8},"end":{"line":30,"column":9}},{"start":{"line":28,"column":8},"end":{"line":30,"column":9}}],"line":28},"4":{"loc":{"start":{"line":28,"column":12},"end":{"line":28,"column":55}},"type":"binary-expr","locations":[{"start":{"line":28,"column":12},"end":{"line":28,"column":33}},{"start":{"line":28,"column":37},"end":{"line":28,"column":55}}],"line":28},"5":{"loc":{"start":{"line":45,"column":30},"end":{"line":45,"column":88}},"type":"cond-expr","locations":[{"start":{"line":45,"column":64},"end":{"line":45,"column":81}},{"start":{"line":45,"column":84},"end":{"line":45,"column":88}}],"line":45},"6":{"loc":{"start":{"line":55,"column":15},"end":{"line":55,"column":71}},"type":"binary-expr","locations":[{"start":{"line":55,"column":15},"end":{"line":55,"column":43}},{"start":{"line":55,"column":47},"end":{"line":55,"column":71}}],"line":55},"7":{"loc":{"start":{"line":59,"column":8},"end":{"line":61,"column":9}},"type":"if","locations":[{"start":{"line":59,"column":8},"end":{"line":61,"column":9}},{"start":{"line":59,"column":8},"end":{"line":61,"column":9}}],"line":59},"8":{"loc":{"start":{"line":63,"column":8},"end":{"line":65,"column":9}},"type":"if","locations":[{"start":{"line":63,"column":8},"end":{"line":65,"column":9}},{"start":{"line":63,"column":8},"end":{"line":65,"column":9}}],"line":63},"9":{"loc":{"start":{"line":63,"column":12},"end":{"line":63,"column":41}},"type":"binary-expr","locations":[{"start":{"line":63,"column":12},"end":{"line":63,"column":22}},{"start":{"line":63,"column":26},"end":{"line":63,"column":41}}],"line":63},"10":{"loc":{"start":{"line":83,"column":16},"end":{"line":85,"column":17}},"type":"if","locations":[{"start":{"line":83,"column":16},"end":{"line":85,"column":17}},{"start":{"line":83,"column":16},"end":{"line":85,"column":17}}],"line":83},"11":{"loc":{"start":{"line":94,"column":12},"end":{"line":96,"column":13}},"type":"if","locations":[{"start":{"line":94,"column":12},"end":{"line":96,"column":13}},{"start":{"line":94,"column":12},"end":{"line":96,"column":13}}],"line":94},"12":{"loc":{"start":{"line":104,"column":12},"end":{"line":106,"column":13}},"type":"if","locations":[{"start":{"line":104,"column":12},"end":{"line":106,"column":13}},{"start":{"line":104,"column":12},"end":{"line":106,"column":13}}],"line":104},"13":{"loc":{"start":{"line":115,"column":8},"end":{"line":127,"column":9}},"type":"if","locations":[{"start":{"line":115,"column":8},"end":{"line":127,"column":9}},{"start":{"line":115,"column":8},"end":{"line":127,"column":9}}],"line":115},"14":{"loc":{"start":{"line":115,"column":12},"end":{"line":115,"column":40}},"type":"binary-expr","locations":[{"start":{"line":115,"column":12},"end":{"line":115,"column":27}},{"start":{"line":115,"column":31},"end":{"line":115,"column":40}}],"line":115},"15":{"loc":{"start":{"line":116,"column":12},"end":{"line":118,"column":13}},"type":"if","locations":[{"start":{"line":116,"column":12},"end":{"line":118,"column":13}},{"start":{"line":116,"column":12},"end":{"line":118,"column":13}}],"line":116}},"s":{"0":43,"1":43,"2":33,"3":11,"4":11,"5":41,"6":41,"7":11,"8":234,"9":102,"10":53,"11":49,"12":49,"13":69,"14":69,"15":69,"16":69,"17":69,"18":2,"19":67,"20":2,"21":65,"22":65,"23":65,"24":136,"25":272,"26":65,"27":130,"28":19,"29":15,"30":11,"31":11,"32":41,"33":13,"34":11,"35":2,"36":14,"37":4,"38":2,"39":14,"40":14,"41":10,"42":1,"43":9,"44":4,"45":8,"46":13,"47":12,"48":12},"f":{"0":43,"1":33,"2":11,"3":41,"4":234,"5":102,"6":69,"7":69,"8":69,"9":65,"10":136,"11":272,"12":130,"13":19,"14":11,"15":41,"16":2,"17":14,"18":14,"19":8,"20":12},"b":{"0":[32],"1":[33],"2":[33],"3":[53,49],"4":[102,53],"5":[0,69],"6":[69,20],"7":[2,67],"8":[2,65],"9":[67,62],"10":[15,4],"11":[13,28],"12":[4,10],"13":[10,4],"14":[14,5],"15":[1,9]},"_coverageSchema":"43e27e138ebf9cfc5966b082cf9a028302ed4184","hash":"a589318223ed8bcc181cc30f8a091b3bf6d7454c"}
,"/Users/rmartin/repos/carbon/react-checkbox-tree/src/js/TreeNode.js": {"path":"/Users/rmartin/repos/carbon/react-checkbox-tree/src/js/TreeNode.js","statementMap":{"0":{"start":{"line":51,"column":8},"end":{"line":51,"column":21}},"1":{"start":{"line":53,"column":8},"end":{"line":53,"column":47}},"2":{"start":{"line":54,"column":8},"end":{"line":54,"column":47}},"3":{"start":{"line":55,"column":8},"end":{"line":55,"column":49}},"4":{"start":{"line":59,"column":35},"end":{"line":59,"column":45}},"5":{"start":{"line":61,"column":8},"end":{"line":61,"column":74}},"6":{"start":{"line":70,"column":12},"end":{"line":70,"column":22}},"7":{"start":{"line":73,"column":8},"end":{"line":75,"column":9}},"8":{"start":{"line":74,"column":12},"end":{"line":74,"column":28}},"9":{"start":{"line":77,"column":8},"end":{"line":77,"column":75}},"10":{"start":{"line":81,"column":46},"end":{"line":81,"column":56}},"11":{"start":{"line":83,"column":8},"end":{"line":83,"column":49}},"12":{"start":{"line":87,"column":46},"end":{"line":87,"column":56}},"13":{"start":{"line":90,"column":8},"end":{"line":92,"column":9}},"14":{"start":{"line":91,"column":12},"end":{"line":91,"column":24}},"15":{"start":{"line":95,"column":8},"end":{"line":97,"column":9}},"16":{"start":{"line":96,"column":12},"end":{"line":96,"column":24}},"17":{"start":{"line":100,"column":8},"end":{"line":102,"column":9}},"18":{"start":{"line":101,"column":12},"end":{"line":101,"column":36}},"19":{"start":{"line":104,"column":8},"end":{"line":104,"column":21}},"20":{"start":{"line":108,"column":49},"end":{"line":108,"column":59}},"21":{"start":{"line":110,"column":8},"end":{"line":116,"column":9}},"22":{"start":{"line":111,"column":12},"end":{"line":115,"column":14}},"23":{"start":{"line":118,"column":8},"end":{"line":127,"column":10}},"24":{"start":{"line":131,"column":65},"end":{"line":131,"column":75}},"25":{"start":{"line":133,"column":8},"end":{"line":135,"column":9}},"26":{"start":{"line":134,"column":12},"end":{"line":134,"column":31}},"27":{"start":{"line":137,"column":8},"end":{"line":137,"column":26}},"28":{"start":{"line":141,"column":66},"end":{"line":141,"column":76}},"29":{"start":{"line":143,"column":8},"end":{"line":145,"column":9}},"30":{"start":{"line":144,"column":12},"end":{"line":144,"column":27}},"31":{"start":{"line":147,"column":8},"end":{"line":149,"column":9}},"32":{"start":{"line":148,"column":12},"end":{"line":148,"column":25}},"33":{"start":{"line":151,"column":8},"end":{"line":151,"column":25}},"34":{"start":{"line":160,"column":12},"end":{"line":160,"column":22}},"35":{"start":{"line":162,"column":8},"end":{"line":164,"column":9}},"36":{"start":{"line":163,"column":12},"end":{"line":163,"column":24}},"37":{"start":{"line":166,"column":8},"end":{"line":168,"column":9}},"38":{"start":{"line":167,"column":12},"end":{"line":167,"column":24}},"39":{"start":{"line":170,"column":8},"end":{"line":172,"column":9}},"40":{"start":{"line":171,"column":12},"end":{"line":171,"column":31}},"41":{"start":{"line":174,"column":8},"end":{"line":174,"column":26}},"42":{"start":{"line":178,"column":35},"end":{"line":178,"column":45}},"43":{"start":{"line":179,"column":26},"end":{"line":179,"column":42}},"44":{"start":{"line":181,"column":8},"end":{"line":195,"column":10}},"45":{"start":{"line":206,"column":12},"end":{"line":206,"column":22}},"46":{"start":{"line":207,"column":26},"end":{"line":207,"column":42}},"47":{"start":{"line":208,"column":24},"end":{"line":208,"column":73}},"48":{"start":{"line":210,"column":23},"end":{"line":225,"column":10}},"49":{"start":{"line":227,"column":8},"end":{"line":240,"column":9}},"50":{"start":{"line":228,"column":12},"end":{"line":239,"column":15}},"51":{"start":{"line":242,"column":8},"end":{"line":242,"column":22}},"52":{"start":{"line":248,"column":12},"end":{"line":248,"column":22}},"53":{"start":{"line":249,"column":30},"end":{"line":258,"column":9}},"54":{"start":{"line":260,"column":8},"end":{"line":262,"column":9}},"55":{"start":{"line":261,"column":12},"end":{"line":261,"column":55}},"56":{"start":{"line":264,"column":8},"end":{"line":264,"column":55}},"57":{"start":{"line":268,"column":8},"end":{"line":270,"column":9}},"58":{"start":{"line":269,"column":12},"end":{"line":269,"column":24}},"59":{"start":{"line":272,"column":8},"end":{"line":272,"column":35}},"60":{"start":{"line":281,"column":12},"end":{"line":281,"column":22}},"61":{"start":{"line":282,"column":26},"end":{"line":289,"column":21}},"62":{"start":{"line":291,"column":8},"end":{"line":299,"column":10}}},"fnMap":{"0":{"name":"(anonymous_0)","decl":{"start":{"line":47,"column":17},"end":{"line":47,"column":18}},"loc":{"start":{"line":47,"column":23},"end":{"line":47,"column":25}},"line":47},"1":{"name":"(anonymous_1)","decl":{"start":{"line":50,"column":4},"end":{"line":50,"column":5}},"loc":{"start":{"line":50,"column":23},"end":{"line":56,"column":5}},"line":50},"2":{"name":"(anonymous_2)","decl":{"start":{"line":58,"column":4},"end":{"line":58,"column":5}},"loc":{"start":{"line":58,"column":14},"end":{"line":62,"column":5}},"line":58},"3":{"name":"(anonymous_3)","decl":{"start":{"line":64,"column":4},"end":{"line":64,"column":5}},"loc":{"start":{"line":64,"column":14},"end":{"line":78,"column":5}},"line":64},"4":{"name":"(anonymous_4)","decl":{"start":{"line":80,"column":4},"end":{"line":80,"column":5}},"loc":{"start":{"line":80,"column":15},"end":{"line":84,"column":5}},"line":80},"5":{"name":"(anonymous_5)","decl":{"start":{"line":86,"column":4},"end":{"line":86,"column":5}},"loc":{"start":{"line":86,"column":30},"end":{"line":105,"column":5}},"line":86},"6":{"name":"(anonymous_6)","decl":{"start":{"line":107,"column":4},"end":{"line":107,"column":5}},"loc":{"start":{"line":107,"column":27},"end":{"line":128,"column":5}},"line":107},"7":{"name":"(anonymous_7)","decl":{"start":{"line":130,"column":4},"end":{"line":130,"column":5}},"loc":{"start":{"line":130,"column":25},"end":{"line":138,"column":5}},"line":130},"8":{"name":"(anonymous_8)","decl":{"start":{"line":140,"column":4},"end":{"line":140,"column":5}},"loc":{"start":{"line":140,"column":25},"end":{"line":152,"column":5}},"line":140},"9":{"name":"(anonymous_9)","decl":{"start":{"line":154,"column":4},"end":{"line":154,"column":5}},"loc":{"start":{"line":154,"column":21},"end":{"line":175,"column":5}},"line":154},"10":{"name":"(anonymous_10)","decl":{"start":{"line":177,"column":4},"end":{"line":177,"column":5}},"loc":{"start":{"line":177,"column":30},"end":{"line":196,"column":5}},"line":177},"11":{"name":"(anonymous_11)","decl":{"start":{"line":198,"column":4},"end":{"line":198,"column":5}},"loc":{"start":{"line":198,"column":34},"end":{"line":243,"column":5}},"line":198},"12":{"name":"(anonymous_12)","decl":{"start":{"line":218,"column":30},"end":{"line":218,"column":31}},"loc":{"start":{"line":218,"column":36},"end":{"line":218,"column":38}},"line":218},"13":{"name":"(anonymous_13)","decl":{"start":{"line":245,"column":4},"end":{"line":245,"column":5}},"loc":{"start":{"line":245,"column":18},"end":{"line":265,"column":5}},"line":245},"14":{"name":"(anonymous_14)","decl":{"start":{"line":267,"column":4},"end":{"line":267,"column":5}},"loc":{"start":{"line":267,"column":21},"end":{"line":273,"column":5}},"line":267},"15":{"name":"(anonymous_15)","decl":{"start":{"line":275,"column":4},"end":{"line":275,"column":5}},"loc":{"start":{"line":275,"column":13},"end":{"line":300,"column":5}},"line":275}},"branchMap":{"0":{"loc":{"start":{"line":73,"column":8},"end":{"line":75,"column":9}},"type":"if","locations":[{"start":{"line":73,"column":8},"end":{"line":75,"column":9}},{"start":{"line":73,"column":8},"end":{"line":75,"column":9}}],"line":73},"1":{"loc":{"start":{"line":73,"column":12},"end":{"line":73,"column":37}},"type":"binary-expr","locations":[{"start":{"line":73,"column":12},"end":{"line":73,"column":20}},{"start":{"line":73,"column":24},"end":{"line":73,"column":37}}],"line":73},"2":{"loc":{"start":{"line":90,"column":8},"end":{"line":92,"column":9}},"type":"if","locations":[{"start":{"line":90,"column":8},"end":{"line":92,"column":9}},{"start":{"line":90,"column":8},"end":{"line":92,"column":9}}],"line":90},"3":{"loc":{"start":{"line":90,"column":12},"end":{"line":90,"column":35}},"type":"binary-expr","locations":[{"start":{"line":90,"column":12},"end":{"line":90,"column":25}},{"start":{"line":90,"column":29},"end":{"line":90,"column":35}}],"line":90},"4":{"loc":{"start":{"line":95,"column":8},"end":{"line":97,"column":9}},"type":"if","locations":[{"start":{"line":95,"column":8},"end":{"line":97,"column":9}},{"start":{"line":95,"column":8},"end":{"line":97,"column":9}}],"line":95},"5":{"loc":{"start":{"line":95,"column":12},"end":{"line":95,"column":36}},"type":"binary-expr","locations":[{"start":{"line":95,"column":12},"end":{"line":95,"column":25}},{"start":{"line":95,"column":29},"end":{"line":95,"column":36}}],"line":95},"6":{"loc":{"start":{"line":100,"column":8},"end":{"line":102,"column":9}},"type":"if","locations":[{"start":{"line":100,"column":8},"end":{"line":102,"column":9}},{"start":{"line":100,"column":8},"end":{"line":102,"column":9}}],"line":100},"7":{"loc":{"start":{"line":110,"column":8},"end":{"line":116,"column":9}},"type":"if","locations":[{"start":{"line":110,"column":8},"end":{"line":116,"column":9}},{"start":{"line":110,"column":8},"end":{"line":116,"column":9}}],"line":110},"8":{"loc":{"start":{"line":133,"column":8},"end":{"line":135,"column":9}},"type":"if","locations":[{"start":{"line":133,"column":8},"end":{"line":135,"column":9}},{"start":{"line":133,"column":8},"end":{"line":135,"column":9}}],"line":133},"9":{"loc":{"start":{"line":143,"column":8},"end":{"line":145,"column":9}},"type":"if","locations":[{"start":{"line":143,"column":8},"end":{"line":145,"column":9}},{"start":{"line":143,"column":8},"end":{"line":145,"column":9}}],"line":143},"10":{"loc":{"start":{"line":147,"column":8},"end":{"line":149,"column":9}},"type":"if","locations":[{"start":{"line":147,"column":8},"end":{"line":149,"column":9}},{"start":{"line":147,"column":8},"end":{"line":149,"column":9}}],"line":147},"11":{"loc":{"start":{"line":162,"column":8},"end":{"line":164,"column":9}},"type":"if","locations":[{"start":{"line":162,"column":8},"end":{"line":164,"column":9}},{"start":{"line":162,"column":8},"end":{"line":164,"column":9}}],"line":162},"12":{"loc":{"start":{"line":166,"column":8},"end":{"line":168,"column":9}},"type":"if","locations":[{"start":{"line":166,"column":8},"end":{"line":168,"column":9}},{"start":{"line":166,"column":8},"end":{"line":168,"column":9}}],"line":166},"13":{"loc":{"start":{"line":170,"column":8},"end":{"line":172,"column":9}},"type":"if","locations":[{"start":{"line":170,"column":8},"end":{"line":172,"column":9}},{"start":{"line":170,"column":8},"end":{"line":172,"column":9}}],"line":170},"14":{"loc":{"start":{"line":183,"column":17},"end":{"line":193,"column":28}},"type":"cond-expr","locations":[{"start":{"line":184,"column":20},"end":{"line":192,"column":27}},{"start":{"line":193,"column":20},"end":{"line":193,"column":28}}],"line":183},"15":{"loc":{"start":{"line":223,"column":17},"end":{"line":223,"column":45}},"type":"cond-expr","locations":[{"start":{"line":223,"column":30},"end":{"line":223,"column":38}},{"start":{"line":223,"column":41},"end":{"line":223,"column":45}}],"line":223},"16":{"loc":{"start":{"line":227,"column":8},"end":{"line":240,"column":9}},"type":"if","locations":[{"start":{"line":227,"column":8},"end":{"line":240,"column":9}},{"start":{"line":227,"column":8},"end":{"line":240,"column":9}}],"line":227},"17":{"loc":{"start":{"line":250,"column":12},"end":{"line":254,"column":20}},"type":"cond-expr","locations":[{"start":{"line":251,"column":16},"end":{"line":253,"column":23}},{"start":{"line":254,"column":16},"end":{"line":254,"column":20}}],"line":250},"18":{"loc":{"start":{"line":260,"column":8},"end":{"line":262,"column":9}},"type":"if","locations":[{"start":{"line":260,"column":8},"end":{"line":262,"column":9}},{"start":{"line":260,"column":8},"end":{"line":262,"column":9}}],"line":260},"19":{"loc":{"start":{"line":268,"column":8},"end":{"line":270,"column":9}},"type":"if","locations":[{"start":{"line":268,"column":8},"end":{"line":270,"column":9}},{"start":{"line":268,"column":8},"end":{"line":270,"column":9}}],"line":268},"20":{"loc":{"start":{"line":286,"column":33},"end":{"line":286,"column":52}},"type":"binary-expr","locations":[{"start":{"line":286,"column":33},"end":{"line":286,"column":40}},{"start":{"line":286,"column":44},"end":{"line":286,"column":52}}],"line":286},"21":{"loc":{"start":{"line":287,"column":34},"end":{"line":287,"column":54}},"type":"binary-expr","locations":[{"start":{"line":287,"column":34},"end":{"line":287,"column":41}},{"start":{"line":287,"column":45},"end":{"line":287,"column":54}}],"line":287}},"s":{"0":55,"1":55,"2":55,"3":55,"4":11,"5":11,"6":6,"7":6,"8":0,"9":6,"10":4,"11":4,"12":17,"13":17,"14":8,"15":9,"16":1,"17":8,"18":3,"19":5,"20":55,"21":55,"22":37,"23":18,"24":18,"25":18,"26":12,"27":6,"28":52,"29":52,"30":43,"31":9,"32":4,"33":5,"34":54,"35":54,"36":1,"37":53,"38":35,"39":18,"40":12,"41":6,"42":3,"43":3,"44":3,"45":52,"46":52,"47":52,"48":52,"49":52,"50":42,"51":52,"52":55,"53":55,"54":55,"55":3,"56":52,"57":55,"58":48,"59":7,"60":55,"61":55,"62":55},"f":{"0":0,"1":55,"2":11,"3":6,"4":4,"5":17,"6":55,"7":18,"8":52,"9":54,"10":3,"11":52,"12":0,"13":55,"14":55,"15":55},"b":{"0":[0,6],"1":[6,1],"2":[8,9],"3":[17,12],"4":[1,8],"5":[9,2],"6":[3,5],"7":[37,18],"8":[12,6],"9":[43,9],"10":[4,5],"11":[1,53],"12":[35,18],"13":[12,6],"14":[2,1],"15":[10,42],"16":[42,10],"17":[54,1],"18":[3,52],"19":[48,7],"20":[55,18],"21":[55,18]},"_coverageSchema":"43e27e138ebf9cfc5966b082cf9a028302ed4184","hash":"eb464e608847889330534efb53a8f03a6fdfc721"}
,"/Users/rmartin/repos/carbon/react-checkbox-tree/src/js/shapes/iconsShape.js": {"path":"/Users/rmartin/repos/carbon/react-checkbox-tree/src/js/shapes/iconsShape.js","statementMap":{"0":{"start":{"line":3,"column":14},"end":{"line":14,"column":2}}},"fnMap":{},"branchMap":{},"s":{"0":2},"f":{},"b":{},"_coverageSchema":"43e27e138ebf9cfc5966b082cf9a028302ed4184","hash":"e529bff1fc28768e44cdaeaa0d30d96e82d1305d"}
,"/Users/rmartin/repos/carbon/react-checkbox-tree/src/js/shapes/languageShape.js": {"path":"/Users/rmartin/repos/carbon/react-checkbox-tree/src/js/shapes/languageShape.js","statementMap":{},"fnMap":{},"branchMap":{},"s":{},"f":{},"b":{},"_coverageSchema":"43e27e138ebf9cfc5966b082cf9a028302ed4184","hash":"7e58702fad98637729a16693a3f364f556258f5a"}
,"/Users/rmartin/repos/carbon/react-checkbox-tree/src/js/shapes/listShape.js": {"path":"/Users/rmartin/repos/carbon/react-checkbox-tree/src/js/shapes/listShape.js","statementMap":{"0":{"start":{"line":3,"column":18},"end":{"line":6,"column":2}}},"fnMap":{},"branchMap":{},"s":{"0":1},"f":{},"b":{},"_coverageSchema":"43e27e138ebf9cfc5966b082cf9a028302ed4184","hash":"0eaea699f3028a6d924f378932acad68b2f4a8ea"}
,"/Users/rmartin/repos/carbon/react-checkbox-tree/src/js/shapes/nodeShape.js": {"path":"/Users/rmartin/repos/carbon/react-checkbox-tree/src/js/shapes/nodeShape.js","statementMap":{"0":{"start":{"line":3,"column":18},"end":{"line":14,"column":1}},"1":{"start":{"line":16,"column":30},"end":{"line":22,"column":2}}},"fnMap":{},"branchMap":{},"s":{"0":1,"1":1},"f":{},"b":{},"_coverageSchema":"43e27e138ebf9cfc5966b082cf9a028302ed4184","hash":"d93011636a845a4cfa11516abe7c774f931eb07e"}
}
