TN:
SF:/Users/rmartin/repos/carbon/react-checkbox-tree/src/js/Button.js
FN:14,(anonymous_0)
FNF:1
FNH:1
FNDA:13,(anonymous_0)
DA:15,13
DA:17,13
LF:2
LH:2
BRF:0
BRH:0
end_of_record
TN:
SF:/Users/rmartin/repos/carbon/react-checkbox-tree/src/js/CheckboxTree.js
FN:74,(anonymous_0)
FN:76,(anonymous_1)
FN:79,(anonymous_2)
FN:103,(anonymous_3)
FN:127,(anonymous_4)
FN:136,(anonymous_5)
FN:145,(anonymous_6)
FN:153,(anonymous_7)
FN:157,(anonymous_8)
FN:161,(anonymous_9)
FN:171,(anonymous_10)
FN:189,(anonymous_11)
FN:190,(anonymous_12)
FN:193,(anonymous_13)
FN:194,(anonymous_14)
FN:197,(anonymous_15)
FN:213,(anonymous_16)
FN:272,(anonymous_17)
FN:299,(anonymous_18)
FN:313,(anonymous_19)
FN:316,(anonymous_20)
FN:323,(anonymous_21)
FN:330,(anonymous_22)
FNF:23
FNH:18
FNDA:0,(anonymous_0)
FNDA:0,(anonymous_1)
FNDA:32,(anonymous_2)
FNDA:33,(anonymous_3)
FNDA:6,(anonymous_4)
FNDA:3,(anonymous_5)
FNDA:2,(anonymous_6)
FNDA:1,(anonymous_7)
FNDA:1,(anonymous_8)
FNDA:2,(anonymous_9)
FNDA:69,(anonymous_10)
FNDA:18,(anonymous_11)
FNDA:18,(anonymous_12)
FNDA:18,(anonymous_13)
FNDA:32,(anonymous_14)
FNDA:53,(anonymous_15)
FNDA:69,(anonymous_16)
FNDA:33,(anonymous_17)
FNDA:33,(anonymous_18)
FNDA:0,(anonymous_19)
FNDA:0,(anonymous_20)
FNDA:0,(anonymous_21)
FNDA:33,(anonymous_22)
DA:80,32
DA:82,32
DA:83,32
DA:84,32
DA:89,32
DA:95,32
DA:96,32
DA:97,32
DA:98,32
DA:99,32
DA:104,33
DA:105,33
DA:106,33
DA:109,33
DA:112,33
DA:113,1
DA:116,33
DA:117,1
DA:119,33
DA:124,33
DA:128,6
DA:129,6
DA:130,6
DA:132,6
DA:133,6
DA:137,3
DA:138,3
DA:139,3
DA:141,3
DA:142,3
DA:146,2
DA:147,2
DA:148,2
DA:150,2
DA:154,1
DA:158,1
DA:162,2
DA:164,2
DA:172,69
DA:174,69
DA:175,51
DA:178,18
DA:179,0
DA:182,18
DA:183,0
DA:186,18
DA:190,18
DA:194,32
DA:209,53
DA:210,53
DA:211,53
DA:213,53
DA:214,69
DA:215,69
DA:216,69
DA:221,69
DA:224,69
DA:229,69
DA:231,69
DA:232,23
DA:235,46
DA:265,53
DA:273,33
DA:275,33
DA:276,29
DA:279,4
DA:300,33
DA:302,33
DA:303,33
DA:306,0
DA:307,0
DA:310,0
DA:314,0
DA:316,0
DA:317,0
DA:319,0
DA:324,0
DA:325,0
DA:327,0
DA:331,33
DA:332,33
DA:334,33
DA:340,33
LF:83
LH:71
BRDA:90,0,0,32
BRDA:90,0,1,31
BRDA:112,1,0,1
BRDA:112,1,1,32
BRDA:112,2,0,33
BRDA:112,2,1,33
BRDA:116,3,0,1
BRDA:116,3,1,32
BRDA:161,4,0,1
BRDA:174,5,0,51
BRDA:174,5,1,18
BRDA:174,6,0,69
BRDA:174,6,1,20
BRDA:175,7,0,0
BRDA:175,7,1,51
BRDA:178,8,0,0
BRDA:178,8,1,18
BRDA:182,9,0,0
BRDA:182,9,1,18
BRDA:197,10,0,33
BRDA:216,11,0,20
BRDA:216,11,1,49
BRDA:224,12,0,3
BRDA:224,12,1,66
BRDA:229,13,0,35
BRDA:229,13,1,34
BRDA:231,14,0,23
BRDA:231,14,1,46
BRDA:253,15,0,2
BRDA:253,15,1,44
BRDA:253,16,0,2
BRDA:253,16,1,1
BRDA:257,17,0,46
BRDA:257,17,1,4
BRDA:275,18,0,29
BRDA:275,18,1,4
BRDA:302,19,0,33
BRDA:302,19,1,0
BRDA:306,20,0,0
BRDA:306,20,1,0
BRF:40
BRH:34
end_of_record
TN:
SF:/Users/rmartin/repos/carbon/react-checkbox-tree/src/js/NativeCheckbox.js
FN:13,(anonymous_0)
FN:17,(anonymous_1)
FN:21,(anonymous_2)
FN:27,(anonymous_3)
FN:33,(anonymous_4)
FNF:5
FNH:4
FNDA:15,(anonymous_0)
FNDA:0,(anonymous_1)
FNDA:15,(anonymous_2)
FNDA:15,(anonymous_3)
FNDA:15,(anonymous_4)
DA:14,15
DA:18,0
DA:22,15
DA:24,15
DA:28,15
DA:31,15
DA:33,15
LF:7
LH:6
BRF:0
BRH:0
end_of_record
TN:
SF:/Users/rmartin/repos/carbon/react-checkbox-tree/src/js/NodeModel.js
FN:2,(anonymous_0)
FN:7,(anonymous_1)
FN:11,(anonymous_2)
FN:15,(anonymous_3)
FN:23,(anonymous_4)
FN:27,(anonymous_5)
FN:35,(anonymous_6)
FN:54,(anonymous_7)
FN:58,(anonymous_8)
FN:70,(anonymous_9)
FN:74,(anonymous_10)
FN:75,(anonymous_11)
FN:81,(anonymous_12)
FN:82,(anonymous_13)
FN:90,(anonymous_14)
FN:93,(anonymous_15)
FN:102,(anonymous_16)
FN:103,(anonymous_17)
FN:112,(anonymous_18)
FN:124,(anonymous_19)
FN:132,(anonymous_20)
FNF:21
FNH:21
FNDA:43,(anonymous_0)
FNDA:33,(anonymous_1)
FNDA:11,(anonymous_2)
FNDA:41,(anonymous_3)
FNDA:234,(anonymous_4)
FNDA:102,(anonymous_5)
FNDA:69,(anonymous_6)
FNDA:69,(anonymous_7)
FNDA:69,(anonymous_8)
FNDA:65,(anonymous_9)
FNDA:136,(anonymous_10)
FNDA:272,(anonymous_11)
FNDA:130,(anonymous_12)
FNDA:19,(anonymous_13)
FNDA:11,(anonymous_14)
FNDA:41,(anonymous_15)
FNDA:2,(anonymous_16)
FNDA:14,(anonymous_17)
FNDA:14,(anonymous_18)
FNDA:8,(anonymous_19)
FNDA:12,(anonymous_20)
DA:3,43
DA:4,43
DA:8,33
DA:12,11
DA:15,11
DA:16,41
DA:17,41
DA:20,11
DA:24,234
DA:28,102
DA:29,53
DA:32,49
DA:35,49
DA:36,69
DA:38,69
DA:50,69
DA:55,69
DA:59,69
DA:60,2
DA:63,67
DA:64,2
DA:67,65
DA:71,65
DA:74,65
DA:75,136
DA:76,272
DA:81,65
DA:82,130
DA:83,19
DA:84,15
DA:91,11
DA:93,11
DA:94,41
DA:95,13
DA:99,11
DA:103,2
DA:104,14
DA:105,4
DA:109,2
DA:113,14
DA:115,14
DA:116,10
DA:117,1
DA:121,9
DA:124,4
DA:125,8
DA:129,13
DA:133,12
DA:135,12
LF:49
LH:49
BRDA:2,0,0,32
BRDA:27,1,0,33
BRDA:27,2,0,33
BRDA:28,3,0,53
BRDA:28,3,1,49
BRDA:28,4,0,102
BRDA:28,4,1,53
BRDA:45,5,0,0
BRDA:45,5,1,69
BRDA:55,6,0,69
BRDA:55,6,1,20
BRDA:59,7,0,2
BRDA:59,7,1,67
BRDA:63,8,0,2
BRDA:63,8,1,65
BRDA:63,9,0,67
BRDA:63,9,1,62
BRDA:83,10,0,15
BRDA:83,10,1,4
BRDA:94,11,0,13
BRDA:94,11,1,28
BRDA:104,12,0,4
BRDA:104,12,1,10
BRDA:115,13,0,10
BRDA:115,13,1,4
BRDA:115,14,0,14
BRDA:115,14,1,5
BRDA:116,15,0,1
BRDA:116,15,1,9
BRF:29
BRH:28
end_of_record
TN:
SF:/Users/rmartin/repos/carbon/react-checkbox-tree/src/js/TreeNode.js
FN:47,(anonymous_0)
FN:50,(anonymous_1)
FN:58,(anonymous_2)
FN:64,(anonymous_3)
FN:80,(anonymous_4)
FN:86,(anonymous_5)
FN:107,(anonymous_6)
FN:130,(anonymous_7)
FN:140,(anonymous_8)
FN:154,(anonymous_9)
FN:177,(anonymous_10)
FN:198,(anonymous_11)
FN:218,(anonymous_12)
FN:245,(anonymous_13)
FN:267,(anonymous_14)
FN:275,(anonymous_15)
FNF:16
FNH:14
FNDA:0,(anonymous_0)
FNDA:55,(anonymous_1)
FNDA:11,(anonymous_2)
FNDA:6,(anonymous_3)
FNDA:4,(anonymous_4)
FNDA:17,(anonymous_5)
FNDA:55,(anonymous_6)
FNDA:18,(anonymous_7)
FNDA:52,(anonymous_8)
FNDA:54,(anonymous_9)
FNDA:3,(anonymous_10)
FNDA:52,(anonymous_11)
FNDA:0,(anonymous_12)
FNDA:55,(anonymous_13)
FNDA:55,(anonymous_14)
FNDA:55,(anonymous_15)
DA:51,55
DA:53,55
DA:54,55
DA:55,55
DA:59,11
DA:61,11
DA:70,6
DA:73,6
DA:74,0
DA:77,6
DA:81,4
DA:83,4
DA:87,17
DA:90,17
DA:91,8
DA:95,9
DA:96,1
DA:100,8
DA:101,3
DA:104,5
DA:108,55
DA:110,55
DA:111,37
DA:118,18
DA:131,18
DA:133,18
DA:134,12
DA:137,6
DA:141,52
DA:143,52
DA:144,43
DA:147,9
DA:148,4
DA:151,5
DA:160,54
DA:162,54
DA:163,1
DA:166,53
DA:167,35
DA:170,18
DA:171,12
DA:174,6
DA:178,3
DA:179,3
DA:181,3
DA:206,52
DA:207,52
DA:208,52
DA:210,52
DA:227,52
DA:228,42
DA:242,52
DA:248,55
DA:249,55
DA:260,55
DA:261,3
DA:264,52
DA:268,55
DA:269,48
DA:272,7
DA:281,55
DA:282,55
DA:291,55
LF:63
LH:62
BRDA:73,0,0,0
BRDA:73,0,1,6
BRDA:73,1,0,6
BRDA:73,1,1,1
BRDA:90,2,0,8
BRDA:90,2,1,9
BRDA:90,3,0,17
BRDA:90,3,1,12
BRDA:95,4,0,1
BRDA:95,4,1,8
BRDA:95,5,0,9
BRDA:95,5,1,2
BRDA:100,6,0,3
BRDA:100,6,1,5
BRDA:110,7,0,37
BRDA:110,7,1,18
BRDA:133,8,0,12
BRDA:133,8,1,6
BRDA:143,9,0,43
BRDA:143,9,1,9
BRDA:147,10,0,4
BRDA:147,10,1,5
BRDA:162,11,0,1
BRDA:162,11,1,53
BRDA:166,12,0,35
BRDA:166,12,1,18
BRDA:170,13,0,12
BRDA:170,13,1,6
BRDA:183,14,0,2
BRDA:183,14,1,1
BRDA:223,15,0,10
BRDA:223,15,1,42
BRDA:227,16,0,42
BRDA:227,16,1,10
BRDA:250,17,0,54
BRDA:250,17,1,1
BRDA:260,18,0,3
BRDA:260,18,1,52
BRDA:268,19,0,48
BRDA:268,19,1,7
BRDA:286,20,0,55
BRDA:286,20,1,18
BRDA:287,21,0,55
BRDA:287,21,1,18
BRF:44
BRH:43
end_of_record
TN:
SF:/Users/rmartin/repos/carbon/react-checkbox-tree/src/js/shapes/iconsShape.js
FNF:0
FNH:0
DA:3,2
LF:1
LH:1
BRF:0
BRH:0
end_of_record
TN:
SF:/Users/rmartin/repos/carbon/react-checkbox-tree/src/js/shapes/languageShape.js
FNF:0
FNH:0
LF:0
LH:0
BRF:0
BRH:0
end_of_record
TN:
SF:/Users/rmartin/repos/carbon/react-checkbox-tree/src/js/shapes/listShape.js
FNF:0
FNH:0
DA:3,1
LF:1
LH:1
BRF:0
BRH:0
end_of_record
TN:
SF:/Users/rmartin/repos/carbon/react-checkbox-tree/src/js/shapes/nodeShape.js
FNF:0
FNH:0
DA:3,1
DA:16,1
LF:2
LH:2
BRF:0
BRH:0
end_of_record
